13:40:02.439 [INFO] cli_log::init: Starting coman v0.1.0 with log level DEBUG
13:40:05.106 [DEBUG] coman::ui::ui_runai: Checking Training: (4,44), (0,3)
13:40:05.106 [DEBUG] coman::ui::ui_runai: Checking Inference: (4,44), (0,41)
13:40:05.107 [DEBUG] coman::ui::ui_runai: Inference: 44 -- 41
13:40:06.418 [DEBUG] coman::ui::ui_runai: Checking Training: (4,43), (0,3)
13:40:06.418 [DEBUG] coman::ui::ui_runai: Checking Inference: (4,43), (0,41)
13:40:06.418 [DEBUG] coman::ui::ui_runai: Inference: 43 -- 41
13:40:07.410 [DEBUG] coman::ui::ui_runai: Checking Training: (4,42), (0,3)
13:40:07.410 [DEBUG] coman::ui::ui_runai: Checking Inference: (4,42), (0,41)
13:40:07.410 [DEBUG] coman::ui::ui_runai: Inference: 42 -- 41
13:40:09.514 [DEBUG] coman::ui::ui_runai: Checking Training: (9,6), (0,3)
13:40:09.514 [DEBUG] coman::ui::ui_runai: Training: 6 -- 3
13:40:09.514 [DEBUG] coman::ui::ui_runai: Checking Inference: (9,6), (0,41)
13:40:10.930 [DEBUG] coman::ui::ui_runai: Checking Training: (8,5), (0,3)
13:40:10.930 [DEBUG] coman::ui::ui_runai: Training: 5 -- 3
13:40:10.931 [DEBUG] coman::ui::ui_runai: Checking Inference: (8,5), (0,41)
13:40:12.043 [DEBUG] coman::ui::ui_runai: Checking Training: (8,4), (0,3)
13:40:12.043 [DEBUG] coman::ui::ui_runai: Training: 4 -- 3
13:40:12.043 [DEBUG] coman::ui::ui_runai: Checking Inference: (8,4), (0,41)
13:40:13.314 [DEBUG] coman::ui::ui_runai: Checking Training: (8,3), (0,3)
13:40:13.314 [DEBUG] coman::ui::ui_runai: Training: 3 -- 3
13:40:13.314 [DEBUG] coman::ui::ui_runai: Checking Inference: (8,3), (0,41)
13:40:16.650 [DEBUG] coman::ui::ui_runai: Checking Training: (10,5), (0,3)
13:40:16.650 [DEBUG] coman::ui::ui_runai: Training: 5 -- 3
13:40:16.650 [DEBUG] coman::ui::ui_runai: Checking Inference: (10,5), (0,41)
13:40:18.003 [DEBUG] coman::ui::ui_runai: Checking Training: (10,4), (0,3)
13:40:18.003 [DEBUG] coman::ui::ui_runai: Training: 4 -- 3
13:40:18.003 [DEBUG] coman::ui::ui_runai: Checking Inference: (10,4), (0,41)
13:40:18.634 [DEBUG] coman::ui::ui_runai: Checking Training: (11,3), (0,3)
13:40:18.635 [DEBUG] coman::ui::ui_runai: Training: 3 -- 3
13:40:18.635 [DEBUG] coman::ui::ui_runai: Checking Inference: (11,3), (0,41)
13:40:32.562 [DEBUG] coman::ui::ui_runai: Checking Training: (23,26), (0,3)
13:40:32.562 [DEBUG] coman::ui::ui_runai: Training: 26 -- 3
13:40:32.562 [DEBUG] coman::ui::ui_runai: Checking Inference: (23,26), (0,41)
